<?xml version="1.0" encoding="UTF-8"?>
<!-- Generated by org.testng.reporters.JUnitXMLReporter -->
<testsuite ignored="2" hostname="DESKTOP-TLRQ9UM" failures="1" tests="4" name="chrome" time="22.75" errors="0" timestamp="2023-03-29T08:58:31 IST">
  <testcase classname="testPackage.TestClassTNG" name="VerifyDashboardElemenents" time="6.316">
    <failure type="java.lang.AssertionError" message="expected [https://opensource-demo.orangehrmlive.com/web/index.php/dashboard] but found [https://opensource-demo.orangehrmlive.com/web/index.php/dashboard/index]">
      <![CDATA[java.lang.AssertionError: expected [https://opensource-demo.orangehrmlive.com/web/index.php/dashboard] but found [https://opensource-demo.orangehrmlive.com/web/index.php/dashboard/index]
at testPackage.TestClassTNG.VerifyDashboardElemenents(TestClassTNG.java:57)
at java.base/java.util.ArrayList.forEach(ArrayList.java:1511)
... Removed 31 stack frames]]>
    </failure>
  </testcase> <!-- VerifyDashboardElemenents -->
  <testcase classname="testPackage.TestClassTNG" name="verifyAdmin" time="0.003"/>
  <testcase classname="testPackage.TestClassOfHomePage" name="VerifyCompanyLogo" time="0.068"/>
  <testcase classname="testPackage.TestClassOfHomePage" name="VerifyDashboardElements" time="2.096"/>
  <testcase classname="testPackage.BaseClass" name="@AfterTest aftertest" time="0.0">
    <ignored/>
  </testcase> <!-- @AfterTest aftertest -->
  <testcase classname="testPackage.BaseClass" name="@BeforeTest beforetest" time="0.0">
    <ignored/>
  </testcase> <!-- @BeforeTest beforetest -->
</testsuite> <!-- chrome -->
